[start] Resetting existing MindsDB container 'mindsdb_container'
[start] Launching MindsDB container 'mindsdb_container'
[start] MindsDB container 'mindsdb_container' status
-> 23daaec91038 Up Less than a second 0.0.0.0:47334-47335->47334-47335/tcp
[start] MindsDB last logs (tail 10)
[start] Waiting for MindsDB to be ready...
[start] Still waiting for MindsDB... (2s)
[start] Still waiting for MindsDB... (4s)
[start] Still waiting for MindsDB... (6s)
[start] Still waiting for MindsDB... (8s)
[start] MindsDB is ready!
[start] Ensuring backend dependencies (uv sync)
Resolved 49 packages in 0.31ms
Audited 46 packages in 0.05ms
[start] Syncing local tables into MindsDB
[start] MindsDB sync uploaded: myfeelback_agences.csv, myfeelback_app_mobile.csv, myfeelback_nps.csv, myfeelback_remboursements.csv, myfeelback_service_client.csv, myfeelback_souscriptions.csv, tickets_jira.csv
[start] frontend/.env.development -> VITE_API_URL=http://localhost:8079/api/v1
[start] backend CORS -> ALLOWED_ORIGINS=http://localhost:8078,http://127.0.0.1:8078
[start] Frontend dependencies already installed
[start] Launching backend on port 8079
INFO:     Will watch for changes in these directories: ['/Users/rekta/projet/insight/2-PASTEQUE-copy/backend']
INFO:     Uvicorn running on http://0.0.0.0:8079 (Press CTRL+C to quit)
INFO:     Started reloader process [67854] using WatchFiles
INFO:     Started server process [67858]
INFO:     Waiting for application startup.
INFO:     Application startup complete.
[start] Launching frontend on port 8078

> insight-frontend@0.1.0 dev
> vite --host 0.0.0.0 --port 8078


  VITE v5.4.20  ready in 78 ms

  ➜  Local:   http://localhost:8078/
  ➜  Network: http://192.168.52.209:8078/
INFO:     127.0.0.1:50781 - "OPTIONS /api/v1/auth/login HTTP/1.1" 200 OK
INFO:     127.0.0.1:50781 - "POST /api/v1/auth/login HTTP/1.1" 200 OK
INFO:     127.0.0.1:50783 - "OPTIONS /api/v1/chat/completions HTTP/1.1" 200 OK
INFO:     127.0.0.1:50783 - "POST /api/v1/chat/completions HTTP/1.1" 200 OK
[start] Stopping backend (PID 67852)
INFO:     Shutting down
INFO:     Waiting for application shutdown.
INFO:     Application shutdown complete.
INFO:     Finished server process [67858]
INFO:     Stopping reloader process [67854]
[start] Stopping frontend (PID 67885)
